<?xml version="1.0" encoding="UTF-8"?>
<coverage generated="1674466556629" clover="3.2.0">
  <project timestamp="1674466556630" name="All files">
    <metrics statements="20" coveredstatements="16" conditionals="14" coveredconditionals="10" methods="3" coveredmethods="3" elements="37" coveredelements="29" complexity="0" loc="20" ncloc="20" packages="3" files="3" classes="3"/>
    <package name="Exercicio 1">
      <metrics statements="4" coveredstatements="3" conditionals="4" coveredconditionals="3" methods="1" coveredmethods="1"/>
      <file name="sum.js" path="/home/pedro/Documents/Trybe/trybe-exercicios/fundamentos/seção-7-Introdução-Javascript-ES6-e-Testes-Unitários/dia-3-Matchers-e-cobertura-de-codigo/Exercicio 1/sum.js">
        <metrics statements="4" coveredstatements="3" conditionals="4" coveredconditionals="3" methods="1" coveredmethods="1"/>
        <line num="2" count="2" type="cond" truecount="3" falsecount="1"/>
        <line num="3" count="0" type="stmt"/>
        <line num="6" count="2" type="stmt"/>
        <line num="9" count="1" type="stmt"/>
      </file>
    </package>
    <package name="Exercicio 2">
      <metrics statements="7" coveredstatements="6" conditionals="4" coveredconditionals="3" methods="1" coveredmethods="1"/>
      <file name="printMessage.js" path="/home/pedro/Documents/Trybe/trybe-exercicios/fundamentos/seção-7-Introdução-Javascript-ES6-e-Testes-Unitários/dia-3-Matchers-e-cobertura-de-codigo/Exercicio 2/printMessage.js">
        <metrics statements="7" coveredstatements="6" conditionals="4" coveredconditionals="3" methods="1" coveredmethods="1"/>
        <line num="2" count="1" type="stmt"/>
        <line num="8" count="1" type="stmt"/>
        <line num="9" count="2" type="cond" truecount="3" falsecount="1"/>
        <line num="10" count="0" type="stmt"/>
        <line num="12" count="2" type="stmt"/>
        <line num="15" count="1" type="stmt"/>
        <line num="17" count="1" type="stmt"/>
      </file>
    </package>
    <package name="Exercicio basico">
      <metrics statements="9" coveredstatements="7" conditionals="6" coveredconditionals="4" methods="1" coveredmethods="1"/>
      <file name="createItem.js" path="/home/pedro/Documents/Trybe/trybe-exercicios/fundamentos/seção-7-Introdução-Javascript-ES6-e-Testes-Unitários/dia-3-Matchers-e-cobertura-de-codigo/Exercicio basico/createItem.js">
        <metrics statements="9" coveredstatements="7" conditionals="6" coveredconditionals="4" methods="1" coveredmethods="1"/>
        <line num="1" count="1" type="stmt"/>
        <line num="2" count="2" type="cond" truecount="1" falsecount="1"/>
        <line num="3" count="0" type="stmt"/>
        <line num="5" count="2" type="cond" truecount="1" falsecount="1"/>
        <line num="6" count="0" type="stmt"/>
        <line num="8" count="2" type="cond" truecount="2" falsecount="0"/>
        <line num="9" count="1" type="stmt"/>
        <line num="11" count="2" type="stmt"/>
        <line num="18" count="1" type="stmt"/>
      </file>
    </package>
  </project>
</coverage>
